mode: set
github.com.br/evandrocustodio/fc-ms-wallet/entity/accout.go:17.42,18.19 1 1
github.com.br/evandrocustodio/fc-ms-wallet/entity/accout.go:21.2,28.16 2 1
github.com.br/evandrocustodio/fc-ms-wallet/entity/accout.go:18.19,20.3 1 0
github.com.br/evandrocustodio/fc-ms-wallet/entity/accout.go:31.42,35.2 2 0
github.com.br/evandrocustodio/fc-ms-wallet/entity/accout.go:37.41,40.2 2 0
github.com.br/evandrocustodio/fc-ms-wallet/entity/client.go:19.60,28.16 3 1
github.com.br/evandrocustodio/fc-ms-wallet/entity/client.go:31.2,31.20 1 1
github.com.br/evandrocustodio/fc-ms-wallet/entity/client.go:28.16,30.3 1 1
github.com.br/evandrocustodio/fc-ms-wallet/entity/client.go:34.58,39.16 5 1
github.com.br/evandrocustodio/fc-ms-wallet/entity/client.go:42.2,42.12 1 1
github.com.br/evandrocustodio/fc-ms-wallet/entity/client.go:39.16,41.3 1 1
github.com.br/evandrocustodio/fc-ms-wallet/entity/client.go:45.35,46.18 1 1
github.com.br/evandrocustodio/fc-ms-wallet/entity/client.go:49.2,49.19 1 1
github.com.br/evandrocustodio/fc-ms-wallet/entity/client.go:52.2,52.12 1 1
github.com.br/evandrocustodio/fc-ms-wallet/entity/client.go:46.18,48.3 1 1
github.com.br/evandrocustodio/fc-ms-wallet/entity/client.go:49.19,51.3 1 0
github.com.br/evandrocustodio/fc-ms-wallet/entity/client.go:55.53,56.31 1 1
github.com.br/evandrocustodio/fc-ms-wallet/entity/client.go:59.2,60.12 2 1
github.com.br/evandrocustodio/fc-ms-wallet/entity/client.go:56.31,58.3 1 0
